<?xml version="1.0" encoding="UTF-8"?>
<!-- Generated by org.testng.reporters.JUnitReportReporter -->
<testsuite skipped="0" hostname="Rahul-Dell-PC" name="com.test.rest.api.TestGetMethod" tests="3" failures="0" timestamp="22 Mar 2020 01:50:38 GMT" time="0.376" errors="0">
  <testcase name="testGetPing" time="0.023" classname="com.test.rest.api.TestGetMethod"/>
  <testcase name="testGetId" time="0.010" classname="com.test.rest.api.TestGetMethod"/>
  <testcase name="testGetAll" time="0.343" classname="com.test.rest.api.TestGetMethod"/>
</testsuite> <!-- com.test.rest.api.TestGetMethod -->
