<?xml version="1.0" encoding="UTF-8"?>
<!-- Generated by org.testng.reporters.JUnitReportReporter -->
<testsuite skipped="0" hostname="Rahul-Dell-PC" name="com.test.rest.api.AppTest" tests="1" failures="0" timestamp="22 Mar 2020 01:50:38 GMT" time="0.001" errors="0">
  <testcase name="testApp" time="0.001" classname="com.test.rest.api.AppTest"/>
</testsuite> <!-- com.test.rest.api.AppTest -->
