<?xml version="1.0" encoding="UTF-8"?>
<!-- Generated by org.testng.reporters.JUnitReportReporter -->
<testsuite skipped="0" hostname="Rahul-Dell-PC" name="com.api.rest.api.auth.TestGetWithSecure" tests="1" failures="0" timestamp="29 Apr 2020 00:40:54 GMT" time="1.527" errors="0">
  <testcase name="testBasicAuth" time="1.527" classname="com.api.rest.api.auth.TestGetWithSecure"/>
</testsuite> <!-- com.api.rest.api.auth.TestGetWithSecure -->
