<?xml version="1.0" encoding="UTF-8"?>
<!-- Generated by org.testng.reporters.JUnitReportReporter -->
<testsuite skipped="0" hostname="Rahul-Dell-PC" name="com.test.rest.api.RestAssuredhelper.TestQueryParam" tests="1" failures="0" timestamp="27 Apr 2020 19:28:17 GMT" time="1.114" errors="0">
  <testcase name="testQuery" time="1.114" classname="com.test.rest.api.RestAssuredhelper.TestQueryParam"/>
</testsuite> <!-- com.test.rest.api.RestAssuredhelper.TestQueryParam -->
