<?xml version="1.0" encoding="UTF-8"?>
<!-- Generated by org.testng.reporters.JUnitReportReporter -->
<testsuite skipped="0" hostname="Rahul-Dell-PC" name="com.test.rest.api.TestQueryParameter" tests="1" failures="0" timestamp="22 Apr 2020 21:36:23 GMT" time="74.380" errors="0">
  <testcase name="queryParameter" time="74.380" classname="com.test.rest.api.TestQueryParameter"/>
</testsuite> <!-- com.test.rest.api.TestQueryParameter -->
