<?xml version="1.0" encoding="UTF-8"?>
<!-- Generated by org.testng.reporters.JUnitReportReporter -->
<testsuite skipped="0" hostname="Rahul-Dell-PC" name="com.test.rest.api.RestAssuredhelper.TestPost" tests="1" failures="0" timestamp="28 Apr 2020 00:42:35 GMT" time="1.481" errors="0">
  <testcase name="testMappingClass" time="1.481" classname="com.test.rest.api.RestAssuredhelper.TestPost"/>
</testsuite> <!-- com.test.rest.api.RestAssuredhelper.TestPost -->
