<?xml version="1.0" encoding="UTF-8"?>
<!-- Generated by org.testng.reporters.JUnitReportReporter -->
<testsuite skipped="0" hostname="Rahul-Dell-PC" name="com.test.rest.api.WireMock.TestGetUsingMock" tests="1" failures="0" timestamp="12 May 2020 00:20:53 GMT" time="5.187" errors="0">
  <testcase name="testGetEndPoint" time="5.187" classname="com.test.rest.api.WireMock.TestGetUsingMock"/>
</testsuite> <!-- com.test.rest.api.WireMock.TestGetUsingMock -->
