<?xml version="1.0" encoding="UTF-8"?>
<!-- Generated by org.testng.reporters.JUnitReportReporter -->
<testsuite skipped="0" hostname="Rahul-Dell-PC" name="com.test.rest.api.SSL.TestGetWithSSl" tests="1" failures="0" timestamp="29 Apr 2020 22:46:28 GMT" time="1.623" errors="0">
  <testcase name="testGetWithCertificate" time="1.623" classname="com.test.rest.api.SSL.TestGetWithSSl"/>
</testsuite> <!-- com.test.rest.api.SSL.TestGetWithSSl -->
